This file contains any messages produced by compilers while
running configure, to aid debugging if configure makes a mistake.

It was created by configure, which was
generated by GNU Autoconf 2.59.  Invocation command line was

  $ ./configure 

## --------- ##
## Platform. ##
## --------- ##

hostname = DRUID
uname -m = i686
uname -r = 1.5.11(0.116/4/2)
uname -s = CYGWIN_NT-5.2
uname -v = 2004-09-04 23:17

/usr/bin/uname -p = unknown
/bin/uname -X     = unknown

/bin/arch              = unknown
/usr/bin/arch -k       = unknown
/usr/convex/getsysinfo = unknown
hostinfo               = unknown
/bin/machine           = unknown
/usr/bin/oslevel       = unknown
/bin/universe          = unknown

PATH: /cygdrive/c/W2003/system32
PATH: /cygdrive/c/W2003
PATH: /cygdrive/c/W2003/system32/WBEM
PATH: /cygdrive/c/Program Files/Microsoft SQL Server/80/Tools/BINN
PATH: /cygdrive/d/as/subversion/bin
PATH: /cygdrive/d/as/jdk150/bin
PATH: /usr/bin
PATH: /cygdrive/e/MSVS2003/Common7/IDE
PATH: /cygdrive/e/MSVS2003/Vc7/bin
PATH: /cygdrive/d/as/ocaml/bin
PATH: /cygdrive/d/as/Bigloo/bin
PATH: /cygdrive/d/as/nant/bin
PATH: .
PATH: /cygdrive/d/as/javacc/bin
PATH: /cygdrive/e/pg/bin
PATH: /cygdrive/c/Program Files/7-Zip
PATH: /cygdrive/d/as/ant/bin
PATH: /cygdrive/d/as/vim
PATH: /cygdrive/d/as/glasgow/bin
PATH: /cygdrive/d/as/python24


## ----------- ##
## Core tests. ##
## ----------- ##

configure:1536: checking for a BSD-compatible install
configure:1591: result: /usr/bin/install -c
configure:1602: checking whether build environment is sane
configure:1645: result: yes
configure:1710: checking for gawk
configure:1726: found /usr/bin/gawk
configure:1736: result: gawk
configure:1746: checking whether make sets $(MAKE)
configure:1766: result: yes
configure:2013: checking build system type
configure:2031: result: i686-pc-cygwin
configure:2039: checking host system type
configure:2053: result: i686-pc-cygwin
configure:2073: checking for style of include used by make
configure:2101: result: GNU
configure:2172: checking for gcc
configure:2188: found /usr/bin/gcc
configure:2198: result: gcc
configure:2442: checking for C compiler version
configure:2445: gcc --version </dev/null >&5
gcc (GCC) 3.3.3 (cygwin special)
Copyright (C) 2003 Free Software Foundation, Inc.
This is free software; see the source for copying conditions.  There is NO
warranty; not even for MERCHANTABILITY or FITNESS FOR A PARTICULAR PURPOSE.

configure:2448: $? = 0
configure:2450: gcc -v </dev/null >&5
Reading specs from /usr/lib/gcc-lib/i686-pc-cygwin/3.3.3/specs
Configured with: /gcc/gcc-3.3.3-3/configure --verbose --prefix=/usr --exec-prefix=/usr --sysconfdir=/etc --libdir=/usr/lib --libexecdir=/usr/lib --mandir=/usr/share/man --infodir=/usr/share/info --enable-languages=c,ada,c++,d,f77,java,objc,pascal --enable-nls --without-included-gettext --enable-libgcj --with-system-zlib --enable-interpreter --enable-threads=posix --enable-java-gc=boehm --enable-sjlj-exceptions --disable-version-specific-runtime-libs --disable-win32-registry
Thread model: posix
gcc version 3.3.3 (cygwin special)
configure:2453: $? = 0
configure:2455: gcc -V </dev/null >&5
gcc: `-V' option must have argument
configure:2458: $? = 1
configure:2481: checking for C compiler default output file name
configure:2484: gcc    conftest.c  >&5
configure:2487: $? = 0
configure:2533: result: a.exe
configure:2538: checking whether the C compiler works
configure:2544: ./a.exe
configure:2547: $? = 0
configure:2564: result: yes
configure:2571: checking whether we are cross compiling
configure:2573: result: no
configure:2576: checking for suffix of executables
configure:2578: gcc -o conftest.exe    conftest.c  >&5
configure:2581: $? = 0
configure:2606: result: .exe
configure:2612: checking for suffix of object files
configure:2633: gcc -c   conftest.c >&5
configure:2636: $? = 0
configure:2658: result: o
configure:2662: checking whether we are using the GNU C compiler
configure:2686: gcc -c   conftest.c >&5
configure:2692: $? = 0
configure:2696: test -z 
			 || test ! -s conftest.err
configure:2699: $? = 0
configure:2702: test -s conftest.o
configure:2705: $? = 0
configure:2718: result: yes
configure:2724: checking whether gcc accepts -g
configure:2745: gcc -c -g  conftest.c >&5
configure:2751: $? = 0
configure:2755: test -z 
			 || test ! -s conftest.err
configure:2758: $? = 0
configure:2761: test -s conftest.o
configure:2764: $? = 0
configure:2775: result: yes
configure:2792: checking for gcc option to accept ANSI C
configure:2862: gcc  -c -g -O2  conftest.c >&5
configure:2868: $? = 0
configure:2872: test -z 
			 || test ! -s conftest.err
configure:2875: $? = 0
configure:2878: test -s conftest.o
configure:2881: $? = 0
configure:2899: result: none needed
configure:2917: gcc -c -g -O2  conftest.c >&5
conftest.c:2: error: parse error before "me"
configure:2923: $? = 1
configure: failed program was:
| #ifndef __cplusplus
|   choke me
| #endif
configure:3058: checking dependency style of gcc
configure:3148: result: gcc3
configure:3165: checking for a sed that does not truncate output
configure:3219: result: /usr/bin/sed
configure:3222: checking for egrep
configure:3232: result: grep -E
configure:3248: checking for ld used by gcc
configure:3315: result: /usr/i686-pc-cygwin/bin/ld.exe
configure:3324: checking if the linker (/usr/i686-pc-cygwin/bin/ld.exe) is GNU ld
configure:3339: result: yes
configure:3344: checking for /usr/i686-pc-cygwin/bin/ld.exe option to reload object files
configure:3351: result: -r
configure:3369: checking for BSD-compatible nm
configure:3411: result: /usr/bin/nm -B
configure:3415: checking whether ln -s works
configure:3419: result: yes
configure:3426: checking how to recognise dependent libraries
configure:3598: result: file_magic ^x86 archive import|^x86 DLL
configure:3812: checking how to run the C preprocessor
configure:3847: gcc -E  conftest.c
configure:3853: $? = 0
configure:3885: gcc -E  conftest.c
conftest.c:11:28: ac_nonexistent.h: No such file or directory
configure:3891: $? = 1
configure: failed program was:
| /* confdefs.h.  */
| 
| #define PACKAGE_NAME ""
| #define PACKAGE_TARNAME ""
| #define PACKAGE_VERSION ""
| #define PACKAGE_STRING ""
| #define PACKAGE_BUGREPORT ""
| #define PACKAGE "hello"
| #define VERSION "0.1"
| /* end confdefs.h.  */
| #include <ac_nonexistent.h>
configure:3930: result: gcc -E
configure:3954: gcc -E  conftest.c
configure:3960: $? = 0
configure:3992: gcc -E  conftest.c
conftest.c:11:28: ac_nonexistent.h: No such file or directory
configure:3998: $? = 1
configure: failed program was:
| /* confdefs.h.  */
| 
| #define PACKAGE_NAME ""
| #define PACKAGE_TARNAME ""
| #define PACKAGE_VERSION ""
| #define PACKAGE_STRING ""
| #define PACKAGE_BUGREPORT ""
| #define PACKAGE "hello"
| #define VERSION "0.1"
| /* end confdefs.h.  */
| #include <ac_nonexistent.h>
configure:4042: checking for ANSI C header files
configure:4067: gcc -c -g -O2  conftest.c >&5
configure:4073: $? = 0
configure:4077: test -z 
			 || test ! -s conftest.err
configure:4080: $? = 0
configure:4083: test -s conftest.o
configure:4086: $? = 0
configure:4172: gcc -o conftest.exe -g -O2   conftest.c  >&5
configure:4175: $? = 0
configure:4177: ./conftest.exe
configure:4180: $? = 0
configure:4195: result: yes
configure:4219: checking for sys/types.h
configure:4235: gcc -c -g -O2  conftest.c >&5
configure:4241: $? = 0
configure:4245: test -z 
			 || test ! -s conftest.err
configure:4248: $? = 0
configure:4251: test -s conftest.o
configure:4254: $? = 0
configure:4265: result: yes
configure:4219: checking for sys/stat.h
configure:4235: gcc -c -g -O2  conftest.c >&5
configure:4241: $? = 0
configure:4245: test -z 
			 || test ! -s conftest.err
configure:4248: $? = 0
configure:4251: test -s conftest.o
configure:4254: $? = 0
configure:4265: result: yes
configure:4219: checking for stdlib.h
configure:4235: gcc -c -g -O2  conftest.c >&5
configure:4241: $? = 0
configure:4245: test -z 
			 || test ! -s conftest.err
configure:4248: $? = 0
configure:4251: test -s conftest.o
configure:4254: $? = 0
configure:4265: result: yes
configure:4219: checking for string.h
configure:4235: gcc -c -g -O2  conftest.c >&5
configure:4241: $? = 0
configure:4245: test -z 
			 || test ! -s conftest.err
configure:4248: $? = 0
configure:4251: test -s conftest.o
configure:4254: $? = 0
configure:4265: result: yes
configure:4219: checking for memory.h
configure:4235: gcc -c -g -O2  conftest.c >&5
configure:4241: $? = 0
configure:4245: test -z 
			 || test ! -s conftest.err
configure:4248: $? = 0
configure:4251: test -s conftest.o
configure:4254: $? = 0
configure:4265: result: yes
configure:4219: checking for strings.h
configure:4235: gcc -c -g -O2  conftest.c >&5
configure:4241: $? = 0
configure:4245: test -z 
			 || test ! -s conftest.err
configure:4248: $? = 0
configure:4251: test -s conftest.o
configure:4254: $? = 0
configure:4265: result: yes
configure:4219: checking for inttypes.h
configure:4235: gcc -c -g -O2  conftest.c >&5
configure:4241: $? = 0
configure:4245: test -z 
			 || test ! -s conftest.err
configure:4248: $? = 0
configure:4251: test -s conftest.o
configure:4254: $? = 0
configure:4265: result: yes
configure:4219: checking for stdint.h
configure:4235: gcc -c -g -O2  conftest.c >&5
configure:4241: $? = 0
configure:4245: test -z 
			 || test ! -s conftest.err
configure:4248: $? = 0
configure:4251: test -s conftest.o
configure:4254: $? = 0
configure:4265: result: yes
configure:4219: checking for unistd.h
configure:4235: gcc -c -g -O2  conftest.c >&5
configure:4241: $? = 0
configure:4245: test -z 
			 || test ! -s conftest.err
configure:4248: $? = 0
configure:4251: test -s conftest.o
configure:4254: $? = 0
configure:4265: result: yes
configure:4291: checking dlfcn.h usability
configure:4303: gcc -c -g -O2  conftest.c >&5
configure:4309: $? = 0
configure:4313: test -z 
			 || test ! -s conftest.err
configure:4316: $? = 0
configure:4319: test -s conftest.o
configure:4322: $? = 0
configure:4332: result: yes
configure:4336: checking dlfcn.h presence
configure:4346: gcc -E  conftest.c
configure:4352: $? = 0
configure:4372: result: yes
configure:4407: checking for dlfcn.h
configure:4414: result: yes
configure:4479: checking for g++
configure:4495: found /usr/bin/g++
configure:4505: result: g++
configure:4521: checking for C++ compiler version
configure:4524: g++ --version </dev/null >&5
g++ (GCC) 3.3.3 (cygwin special)
Copyright (C) 2003 Free Software Foundation, Inc.
This is free software; see the source for copying conditions.  There is NO
warranty; not even for MERCHANTABILITY or FITNESS FOR A PARTICULAR PURPOSE.

configure:4527: $? = 0
configure:4529: g++ -v </dev/null >&5
Reading specs from /usr/lib/gcc-lib/i686-pc-cygwin/3.3.3/specs
Configured with: /gcc/gcc-3.3.3-3/configure --verbose --prefix=/usr --exec-prefix=/usr --sysconfdir=/etc --libdir=/usr/lib --libexecdir=/usr/lib --mandir=/usr/share/man --infodir=/usr/share/info --enable-languages=c,ada,c++,d,f77,java,objc,pascal --enable-nls --without-included-gettext --enable-libgcj --with-system-zlib --enable-interpreter --enable-threads=posix --enable-java-gc=boehm --enable-sjlj-exceptions --disable-version-specific-runtime-libs --disable-win32-registry
Thread model: posix
gcc version 3.3.3 (cygwin special)
configure:4532: $? = 0
configure:4534: g++ -V </dev/null >&5
g++: `-V' option must have argument
configure:4537: $? = 1
configure:4540: checking whether we are using the GNU C++ compiler
configure:4564: g++ -c   conftest.cc >&5
configure:4570: $? = 0
configure:4574: test -z 
			 || test ! -s conftest.err
configure:4577: $? = 0
configure:4580: test -s conftest.o
configure:4583: $? = 0
configure:4596: result: yes
configure:4602: checking whether g++ accepts -g
configure:4623: g++ -c -g  conftest.cc >&5
configure:4629: $? = 0
configure:4633: test -z 
			 || test ! -s conftest.err
configure:4636: $? = 0
configure:4639: test -s conftest.o
configure:4642: $? = 0
configure:4653: result: yes
configure:4695: g++ -c -g -O2  conftest.cc >&5
configure:4701: $? = 0
configure:4705: test -z 
			 || test ! -s conftest.err
configure:4708: $? = 0
configure:4711: test -s conftest.o
configure:4714: $? = 0
configure:4740: g++ -c -g -O2  conftest.cc >&5
conftest.cc: In function `int main()':
conftest.cc:26: error: `exit' undeclared (first use this function)
conftest.cc:26: error: (Each undeclared identifier is reported only once for 
   each function it appears in.)
configure:4746: $? = 1
configure: failed program was:
| /* confdefs.h.  */
| 
| #define PACKAGE_NAME ""
| #define PACKAGE_TARNAME ""
| #define PACKAGE_VERSION ""
| #define PACKAGE_STRING ""
| #define PACKAGE_BUGREPORT ""
| #define PACKAGE "hello"
| #define VERSION "0.1"
| #define STDC_HEADERS 1
| #define HAVE_SYS_TYPES_H 1
| #define HAVE_SYS_STAT_H 1
| #define HAVE_STDLIB_H 1
| #define HAVE_STRING_H 1
| #define HAVE_MEMORY_H 1
| #define HAVE_STRINGS_H 1
| #define HAVE_INTTYPES_H 1
| #define HAVE_STDINT_H 1
| #define HAVE_UNISTD_H 1
| #define HAVE_DLFCN_H 1
| /* end confdefs.h.  */
| 
| int
| main ()
| {
| exit (42);
|   ;
|   return 0;
| }
configure:4695: g++ -c -g -O2  conftest.cc >&5
configure:4701: $? = 0
configure:4705: test -z 
			 || test ! -s conftest.err
configure:4708: $? = 0
configure:4711: test -s conftest.o
configure:4714: $? = 0
configure:4740: g++ -c -g -O2  conftest.cc >&5
configure:4746: $? = 0
configure:4750: test -z 
			 || test ! -s conftest.err
configure:4753: $? = 0
configure:4756: test -s conftest.o
configure:4759: $? = 0
configure:4784: checking dependency style of g++
configure:4874: result: gcc3
configure:4901: checking how to run the C++ preprocessor
configure:4932: g++ -E  conftest.cc
configure:4938: $? = 0
configure:4970: g++ -E  conftest.cc
conftest.cc:25:28: ac_nonexistent.h: No such file or directory
configure:4976: $? = 1
configure: failed program was:
| /* confdefs.h.  */
| 
| #define PACKAGE_NAME ""
| #define PACKAGE_TARNAME ""
| #define PACKAGE_VERSION ""
| #define PACKAGE_STRING ""
| #define PACKAGE_BUGREPORT ""
| #define PACKAGE "hello"
| #define VERSION "0.1"
| #define STDC_HEADERS 1
| #define HAVE_SYS_TYPES_H 1
| #define HAVE_SYS_STAT_H 1
| #define HAVE_STDLIB_H 1
| #define HAVE_STRING_H 1
| #define HAVE_MEMORY_H 1
| #define HAVE_STRINGS_H 1
| #define HAVE_INTTYPES_H 1
| #define HAVE_STDINT_H 1
| #define HAVE_UNISTD_H 1
| #define HAVE_DLFCN_H 1
| #ifdef __cplusplus
| extern "C" void std::exit (int) throw (); using std::exit;
| #endif
| /* end confdefs.h.  */
| #include <ac_nonexistent.h>
configure:5015: result: g++ -E
configure:5039: g++ -E  conftest.cc
configure:5045: $? = 0
configure:5077: g++ -E  conftest.cc
conftest.cc:25:28: ac_nonexistent.h: No such file or directory
configure:5083: $? = 1
configure: failed program was:
| /* confdefs.h.  */
| 
| #define PACKAGE_NAME ""
| #define PACKAGE_TARNAME ""
| #define PACKAGE_VERSION ""
| #define PACKAGE_STRING ""
| #define PACKAGE_BUGREPORT ""
| #define PACKAGE "hello"
| #define VERSION "0.1"
| #define STDC_HEADERS 1
| #define HAVE_SYS_TYPES_H 1
| #define HAVE_SYS_STAT_H 1
| #define HAVE_STDLIB_H 1
| #define HAVE_STRING_H 1
| #define HAVE_MEMORY_H 1
| #define HAVE_STRINGS_H 1
| #define HAVE_INTTYPES_H 1
| #define HAVE_STDINT_H 1
| #define HAVE_UNISTD_H 1
| #define HAVE_DLFCN_H 1
| #ifdef __cplusplus
| extern "C" void std::exit (int) throw (); using std::exit;
| #endif
| /* end confdefs.h.  */
| #include <ac_nonexistent.h>
configure:5180: checking for g77
configure:5209: result: no
configure:5180: checking for f77
configure:5209: result: no
configure:5180: checking for xlf
configure:5209: result: no
configure:5180: checking for frt
configure:5209: result: no
configure:5180: checking for pgf77
configure:5209: result: no
configure:5180: checking for fort77
configure:5209: result: no
configure:5180: checking for fl32
configure:5209: result: no
configure:5180: checking for af77
configure:5209: result: no
configure:5180: checking for f90
configure:5209: result: no
configure:5180: checking for xlf90
configure:5209: result: no
configure:5180: checking for pgf90
configure:5209: result: no
configure:5180: checking for epcf90
configure:5209: result: no
configure:5180: checking for f95
configure:5209: result: no
configure:5180: checking for fort
configure:5209: result: no
configure:5180: checking for xlf95
configure:5209: result: no
configure:5180: checking for ifc
configure:5209: result: no
configure:5180: checking for efc
configure:5209: result: no
configure:5180: checking for pgf95
configure:5209: result: no
configure:5180: checking for lf95
configure:5209: result: no
configure:5180: checking for gfortran
configure:5209: result: no
configure:5224: checking for Fortran 77 compiler version
configure:5224:  --version </dev/null >&5
./configure: line 1: --version: command not found
configure:5227: $? = 127
configure:5229:  -v </dev/null >&5
./configure: line 1: -v: command not found
configure:5232: $? = 127
configure:5234:  -V </dev/null >&5
./configure: line 1: -V: command not found
configure:5237: $? = 127
configure:5245: checking whether we are using the GNU Fortran 77 compiler
configure:5259:  -c  conftest.F >&5
./configure: line 1: -c: command not found
configure:5265: $? = 127
configure: failed program was:
|       program main
| #ifndef __GNUC__
|        choke me
| #endif
| 
|       end
configure:5291: result: no
configure:5297: checking whether  accepts -g
configure:5309:  -c -g conftest.f >&5
./configure: line 1: -c: command not found
configure:5315: $? = 127
configure: failed program was:
|       program main
| 
|       end
configure:5340: result: no
configure:5370: checking the maximum length of command line arguments
configure:5462: result: 8192
configure:5473: checking command to parse /usr/bin/nm -B output from gcc object
configure:5569: gcc -c -g -O2  conftest.c >&5
configure:5572: $? = 0
configure:5576: /usr/bin/nm -B conftest.o \| sed -n -e 's/^.*[ 	]\([ABCDGIRSTW][ABCDGIRSTW]*\)[ 	][ 	]*\([_A-Za-z][_A-Za-z0-9]*\)$/\1 \2 \2/p' \> conftest.nm
configure:5579: $? = 0
cannot find nm_test_var in conftest.nm
configure:5569: gcc -c -g -O2  conftest.c >&5
configure:5572: $? = 0
configure:5576: /usr/bin/nm -B conftest.o \| sed -n -e 's/^.*[ 	]\([ABCDGIRSTW][ABCDGIRSTW]*\)[ 	][ 	]*_\([_A-Za-z][_A-Za-z0-9]*\)$/\1 _\2 \2/p' \> conftest.nm
configure:5579: $? = 0
cannot find nm_test_var in conftest.nm
configure:5669: result: failed
configure:5676: checking for objdir
configure:5691: result: .libs
configure:5781: checking for ar
configure:5797: found /usr/bin/ar
configure:5808: result: ar
configure:5861: checking for ranlib
configure:5877: found /usr/bin/ranlib
configure:5888: result: ranlib
configure:5941: checking for strip
configure:5957: found /usr/bin/strip
configure:5968: result: strip
configure:6255: checking if gcc static flag  works
configure:6283: result: yes
configure:6301: checking if gcc supports -fno-rtti -fno-exceptions
configure:6322: gcc -c -g -O2  -fno-rtti -fno-exceptions conftest.c >&5
cc1: warning: "-fno-rtti" is valid for C++ but not for C/ObjC
configure:6326: $? = 0
configure:6336: result: no
configure:6351: checking for gcc option to produce PIC
configure:6555: result: 
configure:6622: checking if gcc supports -c -o file.o
configure:6646: gcc -c -g -O2  -o out/conftest2.o conftest.c >&5
configure:6650: $? = 0
configure:6669: result: yes
configure:6695: checking whether the gcc linker (/usr/i686-pc-cygwin/bin/ld.exe) supports shared libraries
configure:7590: result: yes
configure:7616: checking whether -lc should be explicitly linked in
configure:7621: gcc -c -g -O2  conftest.c >&5
configure:7624: $? = 0
configure:7638: gcc -shared conftest.o  -v -o ./conftest -Wl,--image-base=0x10000000 -Wl,--out-implib,conftest 2\>\&1 \| grep  -lc  \>/dev/null 2\>\&1
configure:7641: $? = 1
configure:7653: result: yes
configure:7661: checking dynamic linker characteristics
configure:8224: result: Win32 ld.exe
configure:8228: checking how to hardcode library paths into programs
configure:8253: result: immediate
configure:8267: checking whether stripping libraries is possible
configure:8272: result: yes
configure:9102: checking if libtool supports shared libraries
configure:9104: result: yes
configure:9107: checking whether to build shared libraries
configure:9128: result: yes
configure:9131: checking whether to build static libraries
configure:9135: result: yes
configure:9227: creating libtool
configure:9805: checking for ld used by g++
configure:9872: result: /usr/i686-pc-cygwin/bin/ld.exe
configure:9881: checking if the linker (/usr/i686-pc-cygwin/bin/ld.exe) is GNU ld
configure:9896: result: yes
configure:9947: checking whether the g++ linker (/usr/i686-pc-cygwin/bin/ld.exe) supports shared libraries
configure:10834: result: yes
configure:10852: g++ -c -g -O2  conftest.cc >&5
configure:10855: $? = 0
configure:10951: checking for g++ option to produce PIC
configure:11219: result: 
configure:11286: checking if g++ supports -c -o file.o
configure:11310: g++ -c -g -O2  -o out/conftest2.o conftest.cc >&5
configure:11314: $? = 0
configure:11333: result: yes
configure:11359: checking whether the g++ linker (/usr/i686-pc-cygwin/bin/ld.exe) supports shared libraries
configure:11384: result: yes
configure:11455: checking dynamic linker characteristics
configure:12018: result: Win32 ld.exe
configure:12022: checking how to hardcode library paths into programs
configure:12047: result: immediate
configure:12061: checking whether stripping libraries is possible
configure:12066: result: yes
configure:19650: checking for gcc
configure:19676: result: gcc
configure:19920: checking for C compiler version
configure:19923: gcc --version </dev/null >&5
gcc (GCC) 3.3.3 (cygwin special)
Copyright (C) 2003 Free Software Foundation, Inc.
This is free software; see the source for copying conditions.  There is NO
warranty; not even for MERCHANTABILITY or FITNESS FOR A PARTICULAR PURPOSE.

configure:19926: $? = 0
configure:19928: gcc -v </dev/null >&5
Reading specs from /usr/lib/gcc-lib/i686-pc-cygwin/3.3.3/specs
Configured with: /gcc/gcc-3.3.3-3/configure --verbose --prefix=/usr --exec-prefix=/usr --sysconfdir=/etc --libdir=/usr/lib --libexecdir=/usr/lib --mandir=/usr/share/man --infodir=/usr/share/info --enable-languages=c,ada,c++,d,f77,java,objc,pascal --enable-nls --without-included-gettext --enable-libgcj --with-system-zlib --enable-interpreter --enable-threads=posix --enable-java-gc=boehm --enable-sjlj-exceptions --disable-version-specific-runtime-libs --disable-win32-registry
Thread model: posix
gcc version 3.3.3 (cygwin special)
configure:19931: $? = 0
configure:19933: gcc -V </dev/null >&5
gcc: `-V' option must have argument
configure:19936: $? = 1
configure:19939: checking whether we are using the GNU C compiler
configure:19995: result: yes
configure:20001: checking whether gcc accepts -g
configure:20052: result: yes
configure:20069: checking for gcc option to accept ANSI C
configure:20176: result: none needed
configure:20194: gcc -c -g -O2  conftest.c >&5
conftest.c:2: error: parse error before "me"
configure:20200: $? = 1
configure: failed program was:
| #ifndef __cplusplus
|   choke me
| #endif
configure:20335: checking dependency style of gcc
configure:20425: result: gcc3
configure:20598: creating ./config.status

## ---------------------- ##
## Running config.status. ##
## ---------------------- ##

This file was extended by config.status, which was
generated by GNU Autoconf 2.59.  Invocation command line was

  CONFIG_FILES    = 
  CONFIG_HEADERS  = 
  CONFIG_LINKS    = 
  CONFIG_COMMANDS = 
  $ ./config.status 

on DRUID

config.status:707: creating Makefile
config.status:707: creating lib/Makefile
config.status:890: executing depfiles commands

## ---------------- ##
## Cache variables. ##
## ---------------- ##

ac_cv_build=i686-pc-cygwin
ac_cv_build_alias=i686-pc-cygwin
ac_cv_c_compiler_gnu=yes
ac_cv_cxx_compiler_gnu=yes
ac_cv_env_CC_set=
ac_cv_env_CC_value=
ac_cv_env_CFLAGS_set=
ac_cv_env_CFLAGS_value=
ac_cv_env_CPPFLAGS_set=
ac_cv_env_CPPFLAGS_value=
ac_cv_env_CPP_set=
ac_cv_env_CPP_value=
ac_cv_env_CXXCPP_set=
ac_cv_env_CXXCPP_value=
ac_cv_env_CXXFLAGS_set=
ac_cv_env_CXXFLAGS_value=
ac_cv_env_CXX_set=
ac_cv_env_CXX_value=
ac_cv_env_F77_set=
ac_cv_env_F77_value=
ac_cv_env_FFLAGS_set=
ac_cv_env_FFLAGS_value=
ac_cv_env_LDFLAGS_set=
ac_cv_env_LDFLAGS_value=
ac_cv_env_build_alias_set=
ac_cv_env_build_alias_value=
ac_cv_env_host_alias_set=
ac_cv_env_host_alias_value=
ac_cv_env_target_alias_set=
ac_cv_env_target_alias_value=
ac_cv_exeext=.exe
ac_cv_f77_compiler_gnu=no
ac_cv_header_dlfcn_h=yes
ac_cv_header_inttypes_h=yes
ac_cv_header_memory_h=yes
ac_cv_header_stdc=yes
ac_cv_header_stdint_h=yes
ac_cv_header_stdlib_h=yes
ac_cv_header_string_h=yes
ac_cv_header_strings_h=yes
ac_cv_header_sys_stat_h=yes
ac_cv_header_sys_types_h=yes
ac_cv_header_unistd_h=yes
ac_cv_host=i686-pc-cygwin
ac_cv_host_alias=i686-pc-cygwin
ac_cv_objext=o
ac_cv_path_install='/usr/bin/install -c'
ac_cv_prog_AWK=gawk
ac_cv_prog_CPP='gcc -E'
ac_cv_prog_CXXCPP='g++ -E'
ac_cv_prog_ac_ct_AR=ar
ac_cv_prog_ac_ct_CC=gcc
ac_cv_prog_ac_ct_CXX=g++
ac_cv_prog_ac_ct_RANLIB=ranlib
ac_cv_prog_ac_ct_STRIP=strip
ac_cv_prog_cc_g=yes
ac_cv_prog_cc_stdc=
ac_cv_prog_cxx_g=yes
ac_cv_prog_egrep='grep -E'
ac_cv_prog_f77_g=no
ac_cv_prog_make_make_set=yes
am_cv_CC_dependencies_compiler_type=gcc3
am_cv_CXX_dependencies_compiler_type=gcc3
lt_cv_deplibs_check_method='file_magic ^x86 archive import|^x86 DLL'
lt_cv_file_magic_cmd=func_win32_libid
lt_cv_file_magic_test_file=
lt_cv_ld_reload_flag=-r
lt_cv_objdir=.libs
lt_cv_path_LD=/usr/i686-pc-cygwin/bin/ld.exe
lt_cv_path_LDCXX=/usr/i686-pc-cygwin/bin/ld.exe
lt_cv_path_NM='/usr/bin/nm -B'
lt_cv_path_SED=/usr/bin/sed
lt_cv_prog_compiler_c_o=yes
lt_cv_prog_compiler_c_o_CXX=yes
lt_cv_prog_compiler_rtti_exceptions=no
lt_cv_prog_gnu_ld=yes
lt_cv_prog_gnu_ldcxx=yes
lt_cv_sys_global_symbol_pipe=
lt_cv_sys_global_symbol_to_c_name_address='sed -n -e '\''s/^: \([^ ]*\) $/  {\"\1\", (lt_ptr) 0},/p'\'' -e '\''s/^[BCDEGRST] \([^ ]*\) \([^ ]*\)$/  {"\2", (lt_ptr) \&\2},/p'\'''
lt_cv_sys_global_symbol_to_cdecl=
lt_cv_sys_max_cmd_len=8192
lt_lt_cv_prog_compiler_c_o='"yes"'
lt_lt_cv_prog_compiler_c_o_CXX='"yes"'
lt_lt_cv_sys_global_symbol_pipe='""'
lt_lt_cv_sys_global_symbol_to_c_name_address='"sed -n -e '\''s/^: \\([^ ]*\\) \$/  {\\\"\\1\\\", (lt_ptr) 0},/p'\'' -e '\''s/^[BCDEGRST] \\([^ ]*\\) \\([^ ]*\\)\$/  {\"\\2\", (lt_ptr) \\&\\2},/p'\''"'
lt_lt_cv_sys_global_symbol_to_cdecl='""'

## ----------------- ##
## Output variables. ##
## ----------------- ##

ac_ct_AR='ar'
ac_ct_CC='gcc'
ac_ct_CXX='g++'
ac_ct_F77=''
ac_ct_RANLIB='ranlib'
ac_ct_STRIP='strip'
ACLOCAL='${SHELL} /cygdrive/d/as/projects/mozg/missing --run aclocal-1.9'
am__fastdepCC_FALSE='#'
am__fastdepCC_TRUE=''
am__fastdepCXX_FALSE='#'
am__fastdepCXX_TRUE=''
am__include='include'
am__leading_dot='.'
am__quote=''
am__tar='${AMTAR} chof - "$$tardir"'
am__untar='${AMTAR} xf -'
AMDEP_FALSE='#'
AMDEP_TRUE=''
AMDEPBACKSLASH='\'
AMTAR='${SHELL} /cygdrive/d/as/projects/mozg/missing --run tar'
AR='ar'
AUTOCONF='${SHELL} /cygdrive/d/as/projects/mozg/missing --run autoconf'
AUTOHEADER='${SHELL} /cygdrive/d/as/projects/mozg/missing --run autoheader'
AUTOMAKE='${SHELL} /cygdrive/d/as/projects/mozg/missing --run automake-1.9'
AWK='gawk'
bindir='${exec_prefix}/bin'
build_alias=''
build_cpu='i686'
build_os='cygwin'
build_vendor='pc'
build='i686-pc-cygwin'
CC='gcc'
CCDEPMODE='depmode=gcc3'
CFLAGS='-g -O2'
CPP='gcc -E'
CPPFLAGS=''
CXX='g++'
CXXCPP='g++ -E'
CXXDEPMODE='depmode=gcc3'
CXXFLAGS='-g -O2'
CYGPATH_W='cygpath -w'
datadir='${prefix}/share'
DEFS='-DPACKAGE_NAME=\"\" -DPACKAGE_TARNAME=\"\" -DPACKAGE_VERSION=\"\" -DPACKAGE_STRING=\"\" -DPACKAGE_BUGREPORT=\"\" -DPACKAGE=\"hello\" -DVERSION=\"0.1\" -DSTDC_HEADERS=1 -DHAVE_SYS_TYPES_H=1 -DHAVE_SYS_STAT_H=1 -DHAVE_STDLIB_H=1 -DHAVE_STRING_H=1 -DHAVE_MEMORY_H=1 -DHAVE_STRINGS_H=1 -DHAVE_INTTYPES_H=1 -DHAVE_STDINT_H=1 -DHAVE_UNISTD_H=1 -DHAVE_DLFCN_H=1 '
DEPDIR='.deps'
ECHO_C=''
ECHO_N='-n'
ECHO_T=''
ECHO='echo'
EGREP='grep -E'
exec_prefix='${prefix}'
EXEEXT='.exe'
F77=''
FFLAGS=''
host_alias=''
host_cpu='i686'
host_os='cygwin'
host_vendor='pc'
host='i686-pc-cygwin'
includedir='${prefix}/include'
infodir='${prefix}/info'
INSTALL_DATA='${INSTALL} -m 644'
INSTALL_PROGRAM='${INSTALL}'
INSTALL_SCRIPT='${INSTALL}'
install_sh='/cygdrive/d/as/projects/mozg/install-sh'
INSTALL_STRIP_PROGRAM='${SHELL} $(install_sh) -c -s'
LDFLAGS=''
libdir='${exec_prefix}/lib'
libexecdir='${exec_prefix}/libexec'
LIBOBJS=''
LIBS=''
LIBTOOL='$(SHELL) $(top_builddir)/libtool'
LN_S='ln -s'
localstatedir='${prefix}/var'
LTLIBOBJS=''
MAKEINFO='${SHELL} /cygdrive/d/as/projects/mozg/missing --run makeinfo'
mandir='${prefix}/man'
mkdir_p='mkdir -p --'
OBJEXT='o'
oldincludedir='/usr/include'
PACKAGE_BUGREPORT=''
PACKAGE_NAME=''
PACKAGE_STRING=''
PACKAGE_TARNAME=''
PACKAGE_VERSION=''
PACKAGE='hello'
PATH_SEPARATOR=':'
prefix='/usr/local'
program_transform_name='s,x,x,'
RANLIB='ranlib'
sbindir='${exec_prefix}/sbin'
SET_MAKE=''
sharedstatedir='${prefix}/com'
SHELL='/bin/bash'
STRIP='strip'
sysconfdir='${prefix}/etc'
target_alias=''
VERSION='0.1'

## ----------- ##
## confdefs.h. ##
## ----------- ##

#define HAVE_DLFCN_H 1
#define HAVE_INTTYPES_H 1
#define HAVE_MEMORY_H 1
#define HAVE_STDINT_H 1
#define HAVE_STDLIB_H 1
#define HAVE_STRING_H 1
#define HAVE_STRINGS_H 1
#define HAVE_SYS_STAT_H 1
#define HAVE_SYS_TYPES_H 1
#define HAVE_UNISTD_H 1
#define PACKAGE "hello"
#define PACKAGE_BUGREPORT ""
#define PACKAGE_NAME ""
#define PACKAGE_STRING ""
#define PACKAGE_TARNAME ""
#define PACKAGE_VERSION ""
#define STDC_HEADERS 1
#define VERSION "0.1"
#endif
#ifdef __cplusplus
extern "C" void std::exit (int) throw (); using std::exit;

configure: exit 0
